Arguments: 
  C:\Program Files\nodejs\node.exe C:\Program Files (x86)\Yarn\bin\yarn.js add @types/cors -D

PATH: 
  C:\WINDOWS\system32;C:\WINDOWS;C:\WINDOWS\System32\Wbem;C:\WINDOWS\System32\WindowsPowerShell\v1.0\;C:\WINDOWS\System32\OpenSSH\;C:\Program Files (x86)\ATI Technologies\ATI.ACE\Core-Static;C:\Program Files\dotnet\;C:\Program Files\Microsoft VS Code\bin;C:\Program Files\Git\cmd;C:\ProgramData\chocolatey\bin;C:\Program Files\nodejs\;C:\Program Files (x86)\Yarn\bin\;C:\Users\gui_1\AppData\Local\Programs\Python\Python38-32\Scripts\;C:\Users\gui_1\AppData\Local\Programs\Python\Python38-32\;C:\Users\gui_1\AppData\Local\Microsoft\WindowsApps;C:\Users\gui_1\.dotnet\tools;C:\Users\gui_1\AppData\Roaming\npm;C:\Users\gui_1\AppData\Local\Yarn\bin

Yarn version: 
  1.22.4

Node version: 
  12.18.3

Platform: 
  win32 x64

Trace: 
  Error: EPERM: operation not permitted, unlink 'C:\users\gui_1\documents\meus_projetos\my-proffy\proffy\server\node_modules\sqlite3\lib\binding\napi-v3-win32-x64\node_sqlite3.node'

npm manifest: 
  {
    "name": "server",
    "version": "1.0.0",
    "description": "",
    "main": "index.js",
    "scripts": {
      "start": "tsnd --transpile-only --ignore-watch node_modules --respawn src/server.ts",
      "knex:migrate": "knex --knexfile knexfile.ts migrate:latest",
      "knex:migrate:rollback": "knex --knexfile knexfile.ts migrate:rollback",
      "test": "echo \"Error: no test specified\" && exit 1"
    },
    "keywords": [],
    "author": "",
    "license": "ISC",
    "devDependencies": {
      "@types/express": "^4.17.7",
      "ts-node-dev": "^1.0.0-pre.56",
      "typescript": "^3.9.7"
    },
    "dependencies": {
      "express": "^4.17.1",
      "knex": "^0.21.2",
      "sqlite3": "^5.0.0"
    }
  }

yarn manifest: 
  No manifest

Lockfile: 
  No lockfile
